Arguments: 
  C:\Program Files\nodejs\node.exe C:\Program Files\nodejs\node_modules\yarn\bin\yarn.js cache clean

PATH: 
  C:\Users\pigle\Documents\cmder\bin;C:\Users\pigle\Documents\cmder\vendor\bin;C:\Windows\system32;C:\Windows;C:\Windows\System32\Wbem;C:\Windows\System32\WindowsPowerShell\v1.0\;C:\Program Files\Microsoft VS Code\bin;C:\Program Files (x86)\NVIDIA Corporation\PhysX\Common;C:\Program Files\NVIDIA Corporation\NVIDIA NvDLISR;C:\Program Files\dotnet\;C:\Program Files\Microsoft SQL Server\130\Tools\Binn\;C:\Program Files\Microsoft SQL Server\Client SDK\ODBC\170\Tools\Binn\;C:\Users\pigle\AppData\Roaming\nvm;C:\Program Files\nodejs;C:\HashiCorp\Vagrant\bin;C:\ProgramData\chocolatey\bin;F:\xampp\php;C:\ProgramData\ComposerSetup\bin;C:\Program Files\Git\cmd;C:\Program Files\PuTTY\;C:\Windows\System32\OpenSSH\;C:\Users\pigle\.nuget\;C:\Program Files (x86)\GitExtensions\;C:\Users\pigle\AppData\Local\Microsoft\WindowsApps;C:\Users\pigle\AppData\Local\Programs\Microsoft VS Code\bin;C:\Users\pigle\AppData\Roaming\Composer\vendor\bin;C:\Program Files\Git\mingw64\bin;C:\Program Files\Git\usr\bin;C:\Users\pigle\Documents\cmder;C:\Users\pigle\Documents\cmder\vendor\git-for-windows\cmd;C:\Users\pigle\Documents\cmder\vendor\git-for-windows\mingw64\bin;C:\Users\pigle\Documents\cmder\vendor\git-for-windows\usr\bin

Yarn version: 
  1.18.0

Node version: 
  12.16.3

Platform: 
  win32 x64

Trace: 
  Error: UNKNOWN: unknown error, scandir 'C:\Users\pigle\AppData\Local\Yarn\Cache\v4\npm-growly-1.3.0-f10748cbe76af964b7c96c93c6bcc28af120c081\node_modules\growly'

npm manifest: 
  {
    "name": "redux-toolkit",
    "version": "1.0.0",
    "description": "",
    "keywords": [],
    "homepage": "https://codesandbox.io/s/new",
    "main": "src/index.js",
    "dependencies": {
      "@date-io/core": "1.3.6",
      "@date-io/moment": "1.x",
      "@material-ui/core": "4.10.2",
      "@material-ui/icons": "4.9.1",
      "@material-ui/pickers": "^3.2.10",
      "@reduxjs/toolkit": "1.3.6",
      "@testing-library/jest-dom": "^5.10.1",
      "@testing-library/react": "^10.3.0",
      "@testing-library/react-hooks": "3.3.0",
      "@types/jest": "^26.0.0",
      "@types/react": "16.9.36",
      "@types/react-dom": "16.9.8",
      "@types/react-redux": "7.1.9",
      "@types/react-router-dom": "5.1.5",
      "@types/redux-mock-store": "1.0.2",
      "@types/testing-library__react": "10.0.1",
      "@types/testing-library__react-hooks": "3.2.0",
      "@types/yup": "0.29.3",
      "final-form": "4.20.0",
      "jest-environment-jsdom-sixteen": "^1.0.3",
      "moment": "^2.27.0",
      "mui-rff": "2.1.15",
      "prop-types": "15.6.0",
      "react": "16.13.1",
      "react-dom": "16.13.1",
      "react-final-form": "6.5.0",
      "react-redux": "7.2.0",
      "react-router-dom": "5.2.0",
      "react-scripts": "3.4.1",
      "redux": "4.0.5",
      "redux-mock-store": "1.5.4",
      "reselect": "4.0.0",
      "typescript": "3.9.5",
      "yup": "0.29.1"
    },
    "scripts": {
      "start": "react-scripts start",
      "build": "react-scripts build",
      "test": "react-scripts test --env=jest-environment-jsdom-sixteen",
      "eject": "react-scripts eject"
    },
    "browserslist": {
      "production": [
        ">0.2%",
        "not dead",
        "not op_mini all"
      ],
      "development": [
        "last 1 chrome version",
        "last 1 firefox version",
        "last 1 safari version"
      ]
    }
  }

yarn manifest: 
  No manifest

Lockfile: 
  No lockfile
